<?xml version="1.0" encoding="UTF-8"?>
<!-- Generated by org.testng.reporters.JUnitReportReporter -->
<testsuite hostname="LP-5CG0233XCM" failures="0" tests="1" name="test.Basic" time="0.016" errors="0" timestamp="2022-01-03T12:43:19 IST" skipped="0">
  <testcase classname="test.Basic" name="Demo" time="0.016"/>
  <system-out/>
</testsuite> <!-- test.Basic -->
