<?xml version="1.0" encoding="UTF-8"?>
<!-- Generated by org.testng.reporters.JUnitReportReporter -->
<testsuite hostname="LP-5CG0233XCM" failures="0" tests="1" name="test.Demo$Testing" time="12.037" errors="0" timestamp="2022-01-03T13:45:54 IST" skipped="0">
  <testcase classname="test.Demo$Testing" name="launch" time="12.037"/>
  <system-out/>
</testsuite> <!-- test.Demo$Testing -->
